<?xml version="1.0" encoding="UTF-8"?>
<testng-results skipped="0" failed="0" ignored="0" total="1" passed="1">
  <reporter-output>
  </reporter-output>
  <suite name="Default suite" duration-ms="5085" started-at="2020-08-25T23:58:00 CDT" finished-at="2020-08-25T23:58:05 CDT">
    <groups>
    </groups>
    <test name="Default test" duration-ms="5085" started-at="2020-08-25T23:58:00 CDT" finished-at="2020-08-25T23:58:05 CDT">
      <class name="test.Test_ProductBar_Position_and_Color">
        <test-method status="PASS" signature="setup()[pri:0, instance:test.Test_ProductBar_Position_and_Color@21a947fe]" name="setup" is-config="true" duration-ms="3727" started-at="2020-08-25T23:57:57 CDT" finished-at="2020-08-25T23:58:00 CDT">
          <reporter-output>
          </reporter-output>
        </test-method> <!-- setup -->
        <test-method status="PASS" signature="login()[pri:0, instance:test.Test_ProductBar_Position_and_Color@21a947fe]" name="login" is-config="true" duration-ms="4971" started-at="2020-08-25T23:58:00 CDT" finished-at="2020-08-25T23:58:05 CDT">
          <reporter-output>
          </reporter-output>
        </test-method> <!-- login -->
        <test-method status="PASS" signature="Verify_ProductBar_Position_and_Color()[pri:0, instance:test.Test_ProductBar_Position_and_Color@21a947fe]" name="Verify_ProductBar_Position_and_Color" duration-ms="94" started-at="2020-08-25T23:58:05 CDT" finished-at="2020-08-25T23:58:05 CDT">
          <reporter-output>
          </reporter-output>
        </test-method> <!-- Verify_ProductBar_Position_and_Color -->
        <test-method status="PASS" signature="tearDown()[pri:0, instance:test.Test_ProductBar_Position_and_Color@21a947fe]" name="tearDown" is-config="true" duration-ms="25" started-at="2020-08-25T23:58:05 CDT" finished-at="2020-08-25T23:58:06 CDT">
          <reporter-output>
          </reporter-output>
        </test-method> <!-- tearDown -->
      </class> <!-- test.Test_ProductBar_Position_and_Color -->
    </test> <!-- Default test -->
  </suite> <!-- Default suite -->
</testng-results>
