<?xml version="1.0" encoding="UTF-8"?>
<testng-results skipped="0" failed="0" ignored="24" total="37" passed="13">
  <reporter-output>
    <line>
      <![CDATA[Click to see Screenshot]]>
    </line>
    <line>
      <![CDATA[<a target="_blank" href=Wed_Aug_26_01_11_13_CDT_2020.jpg>Screenshot</a>]]>
    </line>
    <line>
      <![CDATA[<br>]]>
    </line>
    <line>
      <![CDATA[<br>]]>
    </line>
    <line>
      <![CDATA[<a target="_blank" href=Wed_Aug_26_01_11_13_CDT_2020.jpg><img src=Wed_Aug_26_01_11_13_CDT_2020.jpg height=200 width=200></img></a>]]>
    </line>
    <line>
      <![CDATA[Click to see Screenshot]]>
    </line>
    <line>
      <![CDATA[<a target="_blank" href=Wed_Aug_26_01_11_16_CDT_2020.jpg>Screenshot</a>]]>
    </line>
    <line>
      <![CDATA[<br>]]>
    </line>
    <line>
      <![CDATA[<br>]]>
    </line>
    <line>
      <![CDATA[<a target="_blank" href=Wed_Aug_26_01_11_16_CDT_2020.jpg><img src=Wed_Aug_26_01_11_16_CDT_2020.jpg height=200 width=200></img></a>]]>
    </line>
    <line>
      <![CDATA[Click to see Screenshot]]>
    </line>
    <line>
      <![CDATA[<a target="_blank" href=Wed_Aug_26_01_11_18_CDT_2020.jpg>Screenshot</a>]]>
    </line>
    <line>
      <![CDATA[<br>]]>
    </line>
    <line>
      <![CDATA[<br>]]>
    </line>
    <line>
      <![CDATA[<a target="_blank" href=Wed_Aug_26_01_11_18_CDT_2020.jpg><img src=Wed_Aug_26_01_11_18_CDT_2020.jpg height=200 width=200></img></a>]]>
    </line>
    <line>
      <![CDATA[Click to see Screenshot]]>
    </line>
    <line>
      <![CDATA[<a target="_blank" href=Wed_Aug_26_01_11_21_CDT_2020.jpg>Screenshot</a>]]>
    </line>
    <line>
      <![CDATA[<br>]]>
    </line>
    <line>
      <![CDATA[<br>]]>
    </line>
    <line>
      <![CDATA[<a target="_blank" href=Wed_Aug_26_01_11_21_CDT_2020.jpg><img src=Wed_Aug_26_01_11_21_CDT_2020.jpg height=200 width=200></img></a>]]>
    </line>
    <line>
      <![CDATA[Click to see Screenshot]]>
    </line>
    <line>
      <![CDATA[<a target="_blank" href=Wed_Aug_26_01_11_24_CDT_2020.jpg>Screenshot</a>]]>
    </line>
    <line>
      <![CDATA[<br>]]>
    </line>
    <line>
      <![CDATA[<br>]]>
    </line>
    <line>
      <![CDATA[<a target="_blank" href=Wed_Aug_26_01_11_24_CDT_2020.jpg><img src=Wed_Aug_26_01_11_24_CDT_2020.jpg height=200 width=200></img></a>]]>
    </line>
    <line>
      <![CDATA[Click to see Screenshot]]>
    </line>
    <line>
      <![CDATA[<a target="_blank" href=Wed_Aug_26_01_11_27_CDT_2020.jpg>Screenshot</a>]]>
    </line>
    <line>
      <![CDATA[<br>]]>
    </line>
    <line>
      <![CDATA[<br>]]>
    </line>
    <line>
      <![CDATA[<a target="_blank" href=Wed_Aug_26_01_11_27_CDT_2020.jpg><img src=Wed_Aug_26_01_11_27_CDT_2020.jpg height=200 width=200></img></a>]]>
    </line>
    <line>
      <![CDATA[Click to see Screenshot]]>
    </line>
    <line>
      <![CDATA[<a target="_blank" href=Wed_Aug_26_01_11_29_CDT_2020.jpg>Screenshot</a>]]>
    </line>
    <line>
      <![CDATA[<br>]]>
    </line>
    <line>
      <![CDATA[<br>]]>
    </line>
    <line>
      <![CDATA[<a target="_blank" href=Wed_Aug_26_01_11_29_CDT_2020.jpg><img src=Wed_Aug_26_01_11_29_CDT_2020.jpg height=200 width=200></img></a>]]>
    </line>
    <line>
      <![CDATA[Click to see Screenshot]]>
    </line>
    <line>
      <![CDATA[<a target="_blank" href=Wed_Aug_26_01_11_32_CDT_2020.jpg>Screenshot</a>]]>
    </line>
    <line>
      <![CDATA[<br>]]>
    </line>
    <line>
      <![CDATA[<br>]]>
    </line>
    <line>
      <![CDATA[<a target="_blank" href=Wed_Aug_26_01_11_32_CDT_2020.jpg><img src=Wed_Aug_26_01_11_32_CDT_2020.jpg height=200 width=200></img></a>]]>
    </line>
    <line>
      <![CDATA[Click to see Screenshot]]>
    </line>
    <line>
      <![CDATA[<a target="_blank" href=Wed_Aug_26_01_11_35_CDT_2020.jpg>Screenshot</a>]]>
    </line>
    <line>
      <![CDATA[<br>]]>
    </line>
    <line>
      <![CDATA[<br>]]>
    </line>
    <line>
      <![CDATA[<a target="_blank" href=Wed_Aug_26_01_11_35_CDT_2020.jpg><img src=Wed_Aug_26_01_11_35_CDT_2020.jpg height=200 width=200></img></a>]]>
    </line>
    <line>
      <![CDATA[Click to see Screenshot]]>
    </line>
    <line>
      <![CDATA[<a target="_blank" href=Wed_Aug_26_01_11_37_CDT_2020.jpg>Screenshot</a>]]>
    </line>
    <line>
      <![CDATA[<br>]]>
    </line>
    <line>
      <![CDATA[<br>]]>
    </line>
    <line>
      <![CDATA[<a target="_blank" href=Wed_Aug_26_01_11_37_CDT_2020.jpg><img src=Wed_Aug_26_01_11_37_CDT_2020.jpg height=200 width=200></img></a>]]>
    </line>
    <line>
      <![CDATA[Click to see Screenshot]]>
    </line>
    <line>
      <![CDATA[<a target="_blank" href=Wed_Aug_26_01_11_40_CDT_2020.jpg>Screenshot</a>]]>
    </line>
    <line>
      <![CDATA[<br>]]>
    </line>
    <line>
      <![CDATA[<br>]]>
    </line>
    <line>
      <![CDATA[<a target="_blank" href=Wed_Aug_26_01_11_40_CDT_2020.jpg><img src=Wed_Aug_26_01_11_40_CDT_2020.jpg height=200 width=200></img></a>]]>
    </line>
    <line>
      <![CDATA[Click to see Screenshot]]>
    </line>
    <line>
      <![CDATA[<a target="_blank" href=Wed_Aug_26_01_11_43_CDT_2020.jpg>Screenshot</a>]]>
    </line>
    <line>
      <![CDATA[<br>]]>
    </line>
    <line>
      <![CDATA[<br>]]>
    </line>
    <line>
      <![CDATA[<a target="_blank" href=Wed_Aug_26_01_11_43_CDT_2020.jpg><img src=Wed_Aug_26_01_11_43_CDT_2020.jpg height=200 width=200></img></a>]]>
    </line>
    <line>
      <![CDATA[Click to see Screenshot]]>
    </line>
    <line>
      <![CDATA[<a target="_blank" href=Wed_Aug_26_01_11_45_CDT_2020.jpg>Screenshot</a>]]>
    </line>
    <line>
      <![CDATA[<br>]]>
    </line>
    <line>
      <![CDATA[<br>]]>
    </line>
    <line>
      <![CDATA[<a target="_blank" href=Wed_Aug_26_01_11_45_CDT_2020.jpg><img src=Wed_Aug_26_01_11_45_CDT_2020.jpg height=200 width=200></img></a>]]>
    </line>
  </reporter-output>
  <suite name="Suite" duration-ms="38462" started-at="2020-08-26T01:11:07 CDT" finished-at="2020-08-26T01:11:45 CDT">
    <groups>
    </groups>
    <test name="Test" duration-ms="38462" started-at="2020-08-26T01:11:07 CDT" finished-at="2020-08-26T01:11:45 CDT">
      <class name="test.Test_Finish_Button">
        <test-method status="PASS" signature="login()[pri:0, instance:test.Test_Finish_Button@1ee807c6]" name="login" is-config="true" duration-ms="2214" started-at="2020-08-26T01:11:37 CDT" finished-at="2020-08-26T01:11:40 CDT">
          <reporter-output>
          </reporter-output>
        </test-method> <!-- login -->
        <test-method status="PASS" signature="Verify_Finish_Button()[pri:0, instance:test.Test_Finish_Button@1ee807c6]" name="Verify_Finish_Button" duration-ms="324" started-at="2020-08-26T01:11:40 CDT" finished-at="2020-08-26T01:11:40 CDT">
          <reporter-output>
            <line>
              <![CDATA[Click to see Screenshot]]>
            </line>
            <line>
              <![CDATA[<a target="_blank" href=Wed_Aug_26_01_11_40_CDT_2020.jpg>Screenshot</a>]]>
            </line>
            <line>
              <![CDATA[<br>]]>
            </line>
            <line>
              <![CDATA[<br>]]>
            </line>
            <line>
              <![CDATA[<a target="_blank" href=Wed_Aug_26_01_11_40_CDT_2020.jpg><img src=Wed_Aug_26_01_11_40_CDT_2020.jpg height=200 width=200></img></a>]]>
            </line>
          </reporter-output>
        </test-method> <!-- Verify_Finish_Button -->
      </class> <!-- test.Test_Finish_Button -->
      <class name="test.Test_ProductBar_Position_and_Color">
        <test-method status="PASS" signature="login()[pri:0, instance:test.Test_ProductBar_Position_and_Color@1442d7b5]" name="login" is-config="true" duration-ms="2192" started-at="2020-08-26T01:11:32 CDT" finished-at="2020-08-26T01:11:34 CDT">
          <reporter-output>
          </reporter-output>
        </test-method> <!-- login -->
        <test-method status="PASS" signature="Verify_ProductBar_Position_and_Color()[pri:0, instance:test.Test_ProductBar_Position_and_Color@1442d7b5]" name="Verify_ProductBar_Position_and_Color" duration-ms="80" started-at="2020-08-26T01:11:34 CDT" finished-at="2020-08-26T01:11:34 CDT">
          <reporter-output>
            <line>
              <![CDATA[Click to see Screenshot]]>
            </line>
            <line>
              <![CDATA[<a target="_blank" href=Wed_Aug_26_01_11_35_CDT_2020.jpg>Screenshot</a>]]>
            </line>
            <line>
              <![CDATA[<br>]]>
            </line>
            <line>
              <![CDATA[<br>]]>
            </line>
            <line>
              <![CDATA[<a target="_blank" href=Wed_Aug_26_01_11_35_CDT_2020.jpg><img src=Wed_Aug_26_01_11_35_CDT_2020.jpg height=200 width=200></img></a>]]>
            </line>
          </reporter-output>
        </test-method> <!-- Verify_ProductBar_Position_and_Color -->
      </class> <!-- test.Test_ProductBar_Position_and_Color -->
      <class name="test.Test_Checkout_Button">
        <test-method status="PASS" signature="login()[pri:0, instance:test.Test_Checkout_Button@517cd4b]" name="login" is-config="true" duration-ms="2225" started-at="2020-08-26T01:11:43 CDT" finished-at="2020-08-26T01:11:45 CDT">
          <reporter-output>
          </reporter-output>
        </test-method> <!-- login -->
        <test-method status="PASS" signature="Verify_Checkout_Button()[pri:0, instance:test.Test_Checkout_Button@517cd4b]" name="Verify_Checkout_Button" duration-ms="170" started-at="2020-08-26T01:11:45 CDT" finished-at="2020-08-26T01:11:45 CDT">
          <reporter-output>
            <line>
              <![CDATA[Click to see Screenshot]]>
            </line>
            <line>
              <![CDATA[<a target="_blank" href=Wed_Aug_26_01_11_45_CDT_2020.jpg>Screenshot</a>]]>
            </line>
            <line>
              <![CDATA[<br>]]>
            </line>
            <line>
              <![CDATA[<br>]]>
            </line>
            <line>
              <![CDATA[<a target="_blank" href=Wed_Aug_26_01_11_45_CDT_2020.jpg><img src=Wed_Aug_26_01_11_45_CDT_2020.jpg height=200 width=200></img></a>]]>
            </line>
          </reporter-output>
        </test-method> <!-- Verify_Checkout_Button -->
      </class> <!-- test.Test_Checkout_Button -->
      <class name="test.Test_Logo_Heading">
        <test-method status="PASS" signature="login()[pri:0, instance:test.Test_Logo_Heading@46238e3f]" name="login" is-config="true" duration-ms="2193" started-at="2020-08-26T01:11:21 CDT" finished-at="2020-08-26T01:11:24 CDT">
          <reporter-output>
          </reporter-output>
        </test-method> <!-- login -->
        <test-method status="PASS" signature="Verify_Header_Image()[pri:0, instance:test.Test_Logo_Heading@46238e3f]" name="Verify_Header_Image" duration-ms="101" started-at="2020-08-26T01:11:24 CDT" finished-at="2020-08-26T01:11:24 CDT">
          <reporter-output>
            <line>
              <![CDATA[Click to see Screenshot]]>
            </line>
            <line>
              <![CDATA[<a target="_blank" href=Wed_Aug_26_01_11_24_CDT_2020.jpg>Screenshot</a>]]>
            </line>
            <line>
              <![CDATA[<br>]]>
            </line>
            <line>
              <![CDATA[<br>]]>
            </line>
            <line>
              <![CDATA[<a target="_blank" href=Wed_Aug_26_01_11_24_CDT_2020.jpg><img src=Wed_Aug_26_01_11_24_CDT_2020.jpg height=200 width=200></img></a>]]>
            </line>
          </reporter-output>
        </test-method> <!-- Verify_Header_Image -->
      </class> <!-- test.Test_Logo_Heading -->
      <class name="test.Test_Privacy_Policy">
        <test-method status="PASS" signature="login()[pri:0, instance:test.Test_Privacy_Policy@77a57272]" name="login" is-config="true" duration-ms="2211" started-at="2020-08-26T01:11:16 CDT" finished-at="2020-08-26T01:11:18 CDT">
          <reporter-output>
          </reporter-output>
        </test-method> <!-- login -->
        <test-method status="PASS" signature="Verify_Privacy_Policy()[pri:0, instance:test.Test_Privacy_Policy@77a57272]" name="Verify_Privacy_Policy" duration-ms="135" started-at="2020-08-26T01:11:18 CDT" finished-at="2020-08-26T01:11:18 CDT">
          <reporter-output>
            <line>
              <![CDATA[Click to see Screenshot]]>
            </line>
            <line>
              <![CDATA[<a target="_blank" href=Wed_Aug_26_01_11_18_CDT_2020.jpg>Screenshot</a>]]>
            </line>
            <line>
              <![CDATA[<br>]]>
            </line>
            <line>
              <![CDATA[<br>]]>
            </line>
            <line>
              <![CDATA[<a target="_blank" href=Wed_Aug_26_01_11_18_CDT_2020.jpg><img src=Wed_Aug_26_01_11_18_CDT_2020.jpg height=200 width=200></img></a>]]>
            </line>
          </reporter-output>
        </test-method> <!-- Verify_Privacy_Policy -->
      </class> <!-- test.Test_Privacy_Policy -->
      <class name="test.Test_Checkout_Steps">
        <test-method status="PASS" signature="setup()[pri:0, instance:test.Test_Checkout_Steps@588df31b]" name="setup" is-config="true" duration-ms="3760" started-at="2020-08-26T01:11:03 CDT" finished-at="2020-08-26T01:11:07 CDT">
          <reporter-output>
          </reporter-output>
        </test-method> <!-- setup -->
        <test-method status="PASS" signature="login()[pri:0, instance:test.Test_Checkout_Steps@588df31b]" name="login" is-config="true" duration-ms="5201" started-at="2020-08-26T01:11:07 CDT" finished-at="2020-08-26T01:11:12 CDT">
          <reporter-output>
          </reporter-output>
        </test-method> <!-- login -->
        <test-method status="PASS" signature="Verify_Checkout_Steps()[pri:0, instance:test.Test_Checkout_Steps@588df31b]" name="Verify_Checkout_Steps" duration-ms="617" started-at="2020-08-26T01:11:12 CDT" finished-at="2020-08-26T01:11:13 CDT">
          <reporter-output>
            <line>
              <![CDATA[Click to see Screenshot]]>
            </line>
            <line>
              <![CDATA[<a target="_blank" href=Wed_Aug_26_01_11_13_CDT_2020.jpg>Screenshot</a>]]>
            </line>
            <line>
              <![CDATA[<br>]]>
            </line>
            <line>
              <![CDATA[<br>]]>
            </line>
            <line>
              <![CDATA[<a target="_blank" href=Wed_Aug_26_01_11_13_CDT_2020.jpg><img src=Wed_Aug_26_01_11_13_CDT_2020.jpg height=200 width=200></img></a>]]>
            </line>
          </reporter-output>
        </test-method> <!-- Verify_Checkout_Steps -->
        <test-method status="PASS" signature="tearDown()[pri:0, instance:test.Test_Checkout_Steps@588df31b]" name="tearDown" is-config="true" duration-ms="26" started-at="2020-08-26T01:11:45 CDT" finished-at="2020-08-26T01:11:45 CDT">
          <reporter-output>
          </reporter-output>
        </test-method> <!-- tearDown -->
      </class> <!-- test.Test_Checkout_Steps -->
      <class name="test.Test_Add_Cart_And_Remove">
        <test-method status="PASS" signature="login()[pri:0, instance:test.Test_Add_Cart_And_Remove@7181ae3f]" name="login" is-config="true" duration-ms="2237" started-at="2020-08-26T01:11:19 CDT" finished-at="2020-08-26T01:11:21 CDT">
          <reporter-output>
          </reporter-output>
        </test-method> <!-- login -->
        <test-method status="PASS" signature="Verify_Add_Cart_And_Remove()[pri:0, instance:test.Test_Add_Cart_And_Remove@7181ae3f]" name="Verify_Add_Cart_And_Remove" duration-ms="364" started-at="2020-08-26T01:11:21 CDT" finished-at="2020-08-26T01:11:21 CDT">
          <reporter-output>
            <line>
              <![CDATA[Click to see Screenshot]]>
            </line>
            <line>
              <![CDATA[<a target="_blank" href=Wed_Aug_26_01_11_21_CDT_2020.jpg>Screenshot</a>]]>
            </line>
            <line>
              <![CDATA[<br>]]>
            </line>
            <line>
              <![CDATA[<br>]]>
            </line>
            <line>
              <![CDATA[<a target="_blank" href=Wed_Aug_26_01_11_21_CDT_2020.jpg><img src=Wed_Aug_26_01_11_21_CDT_2020.jpg height=200 width=200></img></a>]]>
            </line>
          </reporter-output>
        </test-method> <!-- Verify_Add_Cart_And_Remove -->
      </class> <!-- test.Test_Add_Cart_And_Remove -->
      <class name="test.Test_filter_Drop_Down_And_Sorting">
        <test-method status="PASS" signature="login()[pri:0, instance:test.Test_filter_Drop_Down_And_Sorting@1efee8e7]" name="login" is-config="true" duration-ms="2230" started-at="2020-08-26T01:11:35 CDT" finished-at="2020-08-26T01:11:37 CDT">
          <reporter-output>
          </reporter-output>
        </test-method> <!-- login -->
        <test-method status="PASS" signature="Verify_filter_Drop_Down_And_Sorting()[pri:0, instance:test.Test_filter_Drop_Down_And_Sorting@1efee8e7]" name="Verify_filter_Drop_Down_And_Sorting" duration-ms="255" started-at="2020-08-26T01:11:37 CDT" finished-at="2020-08-26T01:11:37 CDT">
          <reporter-output>
            <line>
              <![CDATA[Click to see Screenshot]]>
            </line>
            <line>
              <![CDATA[<a target="_blank" href=Wed_Aug_26_01_11_37_CDT_2020.jpg>Screenshot</a>]]>
            </line>
            <line>
              <![CDATA[<br>]]>
            </line>
            <line>
              <![CDATA[<br>]]>
            </line>
            <line>
              <![CDATA[<a target="_blank" href=Wed_Aug_26_01_11_37_CDT_2020.jpg><img src=Wed_Aug_26_01_11_37_CDT_2020.jpg height=200 width=200></img></a>]]>
            </line>
          </reporter-output>
        </test-method> <!-- Verify_filter_Drop_Down_And_Sorting -->
      </class> <!-- test.Test_filter_Drop_Down_And_Sorting -->
      <class name="test.Test_Continue_Shopping_Button">
        <test-method status="PASS" signature="login()[pri:0, instance:test.Test_Continue_Shopping_Button@6e2c9341]" name="login" is-config="true" duration-ms="2220" started-at="2020-08-26T01:11:24 CDT" finished-at="2020-08-26T01:11:26 CDT">
          <reporter-output>
          </reporter-output>
        </test-method> <!-- login -->
        <test-method status="PASS" signature="Verify_Continue_Shop()[pri:1, instance:test.Test_Continue_Shopping_Button@6e2c9341]" name="Verify_Continue_Shop" duration-ms="206" started-at="2020-08-26T01:11:26 CDT" finished-at="2020-08-26T01:11:26 CDT">
          <reporter-output>
            <line>
              <![CDATA[Click to see Screenshot]]>
            </line>
            <line>
              <![CDATA[<a target="_blank" href=Wed_Aug_26_01_11_27_CDT_2020.jpg>Screenshot</a>]]>
            </line>
            <line>
              <![CDATA[<br>]]>
            </line>
            <line>
              <![CDATA[<br>]]>
            </line>
            <line>
              <![CDATA[<a target="_blank" href=Wed_Aug_26_01_11_27_CDT_2020.jpg><img src=Wed_Aug_26_01_11_27_CDT_2020.jpg height=200 width=200></img></a>]]>
            </line>
          </reporter-output>
        </test-method> <!-- Verify_Continue_Shop -->
      </class> <!-- test.Test_Continue_Shopping_Button -->
      <class name="test.Test_Swaglabs_Logo">
        <test-method status="PASS" signature="login()[pri:0, instance:test.Test_Swaglabs_Logo@33b37288]" name="login" is-config="true" duration-ms="2182" started-at="2020-08-26T01:11:13 CDT" finished-at="2020-08-26T01:11:15 CDT">
          <reporter-output>
          </reporter-output>
        </test-method> <!-- login -->
        <test-method status="PASS" signature="Verify_Swaglabs_Logo()[pri:0, instance:test.Test_Swaglabs_Logo@33b37288]" name="Verify_Swaglabs_Logo" duration-ms="107" started-at="2020-08-26T01:11:15 CDT" finished-at="2020-08-26T01:11:16 CDT">
          <reporter-output>
            <line>
              <![CDATA[Click to see Screenshot]]>
            </line>
            <line>
              <![CDATA[<a target="_blank" href=Wed_Aug_26_01_11_16_CDT_2020.jpg>Screenshot</a>]]>
            </line>
            <line>
              <![CDATA[<br>]]>
            </line>
            <line>
              <![CDATA[<br>]]>
            </line>
            <line>
              <![CDATA[<a target="_blank" href=Wed_Aug_26_01_11_16_CDT_2020.jpg><img src=Wed_Aug_26_01_11_16_CDT_2020.jpg height=200 width=200></img></a>]]>
            </line>
          </reporter-output>
        </test-method> <!-- Verify_Swaglabs_Logo -->
      </class> <!-- test.Test_Swaglabs_Logo -->
      <class name="test.Test_Products_Heading">
        <test-method status="PASS" signature="login()[pri:0, instance:test.Test_Products_Heading@32464a14]" name="login" is-config="true" duration-ms="2206" started-at="2020-08-26T01:11:27 CDT" finished-at="2020-08-26T01:11:29 CDT">
          <reporter-output>
          </reporter-output>
        </test-method> <!-- login -->
        <test-method status="PASS" signature="Verify_Products_Header()[pri:0, instance:test.Test_Products_Heading@32464a14]" name="Verify_Products_Header" duration-ms="106" started-at="2020-08-26T01:11:29 CDT" finished-at="2020-08-26T01:11:29 CDT">
          <reporter-output>
            <line>
              <![CDATA[Click to see Screenshot]]>
            </line>
            <line>
              <![CDATA[<a target="_blank" href=Wed_Aug_26_01_11_29_CDT_2020.jpg>Screenshot</a>]]>
            </line>
            <line>
              <![CDATA[<br>]]>
            </line>
            <line>
              <![CDATA[<br>]]>
            </line>
            <line>
              <![CDATA[<a target="_blank" href=Wed_Aug_26_01_11_29_CDT_2020.jpg><img src=Wed_Aug_26_01_11_29_CDT_2020.jpg height=200 width=200></img></a>]]>
            </line>
          </reporter-output>
        </test-method> <!-- Verify_Products_Header -->
      </class> <!-- test.Test_Products_Heading -->
      <class name="test.Test_Logo_Footer">
        <test-method status="PASS" signature="login()[pri:0, instance:test.Test_Logo_Footer@76a4d6c]" name="login" is-config="true" duration-ms="2211" started-at="2020-08-26T01:11:40 CDT" finished-at="2020-08-26T01:11:42 CDT">
          <reporter-output>
          </reporter-output>
        </test-method> <!-- login -->
        <test-method status="PASS" signature="Verify_Logo_Footer()[pri:0, instance:test.Test_Logo_Footer@76a4d6c]" name="Verify_Logo_Footer" duration-ms="101" started-at="2020-08-26T01:11:42 CDT" finished-at="2020-08-26T01:11:42 CDT">
          <reporter-output>
            <line>
              <![CDATA[Click to see Screenshot]]>
            </line>
            <line>
              <![CDATA[<a target="_blank" href=Wed_Aug_26_01_11_43_CDT_2020.jpg>Screenshot</a>]]>
            </line>
            <line>
              <![CDATA[<br>]]>
            </line>
            <line>
              <![CDATA[<br>]]>
            </line>
            <line>
              <![CDATA[<a target="_blank" href=Wed_Aug_26_01_11_43_CDT_2020.jpg><img src=Wed_Aug_26_01_11_43_CDT_2020.jpg height=200 width=200></img></a>]]>
            </line>
          </reporter-output>
        </test-method> <!-- Verify_Logo_Footer -->
      </class> <!-- test.Test_Logo_Footer -->
      <class name="test.Test_Burger_Menu">
        <test-method status="PASS" signature="login()[pri:0, instance:test.Test_Burger_Menu@4e4aea35]" name="login" is-config="true" duration-ms="2225" started-at="2020-08-26T01:11:29 CDT" finished-at="2020-08-26T01:11:32 CDT">
          <reporter-output>
          </reporter-output>
        </test-method> <!-- login -->
        <test-method status="PASS" signature="Verify_Burger_Menu()[pri:0, instance:test.Test_Burger_Menu@4e4aea35]" name="Verify_Burger_Menu" duration-ms="177" started-at="2020-08-26T01:11:32 CDT" finished-at="2020-08-26T01:11:32 CDT">
          <reporter-output>
            <line>
              <![CDATA[Click to see Screenshot]]>
            </line>
            <line>
              <![CDATA[<a target="_blank" href=Wed_Aug_26_01_11_32_CDT_2020.jpg>Screenshot</a>]]>
            </line>
            <line>
              <![CDATA[<br>]]>
            </line>
            <line>
              <![CDATA[<br>]]>
            </line>
            <line>
              <![CDATA[<a target="_blank" href=Wed_Aug_26_01_11_32_CDT_2020.jpg><img src=Wed_Aug_26_01_11_32_CDT_2020.jpg height=200 width=200></img></a>]]>
            </line>
          </reporter-output>
        </test-method> <!-- Verify_Burger_Menu -->
      </class> <!-- test.Test_Burger_Menu -->
    </test> <!-- Test -->
  </suite> <!-- Suite -->
</testng-results>
