<?xml version="1.0" encoding="UTF-8"?>
<testsuite name="TestSuite" time="2.613" tests="13" errors="0" skipped="0" failures="0">
  <properties>
[...]
</properties>
  <testcase name="Verify_Checkout_Steps" classname="test.Test_Checkout_Steps" time="0.563"/>
  <testcase name="Verify_Swaglabs_Logo" classname="test.Test_Swaglabs_Logo" time="0.097"/>
  <testcase name="Verify_Privacy_Policy" classname="test.Test_Privacy_Policy" time="0.131"/>
  <testcase name="Verify_Add_Cart_And_Remove" classname="test.Test_Add_Cart_And_Remove" time="0.408"/>
  <testcase name="Verify_Header_Image" classname="test.Test_Logo_Heading" time="0.104"/>
  <testcase name="Verify_Continue_Shop" classname="test.Test_Continue_Shopping_Button" time="0.192"/>
  <testcase name="Verify_Products_Header" classname="test.Test_Products_Heading" time="0.098"/>
  <testcase name="Verify_Burger_Menu" classname="test.Test_Burger_Menu" time="0.157"/>
  <testcase name="Verify_ProductBar_Position_and_Color" classname="test.Test_ProductBar_Position_and_Color" time="0.073"/>
  <testcase name="Verify_filter_Drop_Down_And_Sorting" classname="test.Test_filter_Drop_Down_And_Sorting" time="0.253"/>
  <testcase name="Verify_Finish_Button" classname="test.Test_Finish_Button" time="0.288"/>
  <testcase name="Verify_Logo_Footer" classname="test.Test_Logo_Footer" time="0.092"/>
  <testcase name="Verify_Checkout_Button" classname="test.Test_Checkout_Button" time="0.157"/>
</testsuite>