<?xml version="1.0" encoding="UTF-8"?>
<testng-results skipped="0" failed="0" ignored="24" total="37" passed="13">
  <reporter-output>
    <line>
      <![CDATA[Click to see Screenshot]]>
    </line>
    <line>
      <![CDATA[<a target="_blank" href=Tue_Aug_25_19_15_29_CDT_2020.jpg>Screenshot</a>]]>
    </line>
    <line>
      <![CDATA[<br>]]>
    </line>
    <line>
      <![CDATA[<br>]]>
    </line>
    <line>
      <![CDATA[<a target="_blank" href=Tue_Aug_25_19_15_29_CDT_2020.jpg><img src=Tue_Aug_25_19_15_29_CDT_2020.jpg height=200 width=200></img></a>]]>
    </line>
    <line>
      <![CDATA[Click to see Screenshot]]>
    </line>
    <line>
      <![CDATA[<a target="_blank" href=Tue_Aug_25_19_15_32_CDT_2020.jpg>Screenshot</a>]]>
    </line>
    <line>
      <![CDATA[<br>]]>
    </line>
    <line>
      <![CDATA[<br>]]>
    </line>
    <line>
      <![CDATA[<a target="_blank" href=Tue_Aug_25_19_15_32_CDT_2020.jpg><img src=Tue_Aug_25_19_15_32_CDT_2020.jpg height=200 width=200></img></a>]]>
    </line>
    <line>
      <![CDATA[Click to see Screenshot]]>
    </line>
    <line>
      <![CDATA[<a target="_blank" href=Tue_Aug_25_19_15_35_CDT_2020.jpg>Screenshot</a>]]>
    </line>
    <line>
      <![CDATA[<br>]]>
    </line>
    <line>
      <![CDATA[<br>]]>
    </line>
    <line>
      <![CDATA[<a target="_blank" href=Tue_Aug_25_19_15_35_CDT_2020.jpg><img src=Tue_Aug_25_19_15_35_CDT_2020.jpg height=200 width=200></img></a>]]>
    </line>
    <line>
      <![CDATA[Click to see Screenshot]]>
    </line>
    <line>
      <![CDATA[<a target="_blank" href=Tue_Aug_25_19_15_38_CDT_2020.jpg>Screenshot</a>]]>
    </line>
    <line>
      <![CDATA[<br>]]>
    </line>
    <line>
      <![CDATA[<br>]]>
    </line>
    <line>
      <![CDATA[<a target="_blank" href=Tue_Aug_25_19_15_38_CDT_2020.jpg><img src=Tue_Aug_25_19_15_38_CDT_2020.jpg height=200 width=200></img></a>]]>
    </line>
    <line>
      <![CDATA[Click to see Screenshot]]>
    </line>
    <line>
      <![CDATA[<a target="_blank" href=Tue_Aug_25_19_15_40_CDT_2020.jpg>Screenshot</a>]]>
    </line>
    <line>
      <![CDATA[<br>]]>
    </line>
    <line>
      <![CDATA[<br>]]>
    </line>
    <line>
      <![CDATA[<a target="_blank" href=Tue_Aug_25_19_15_40_CDT_2020.jpg><img src=Tue_Aug_25_19_15_40_CDT_2020.jpg height=200 width=200></img></a>]]>
    </line>
    <line>
      <![CDATA[Click to see Screenshot]]>
    </line>
    <line>
      <![CDATA[<a target="_blank" href=Tue_Aug_25_19_15_43_CDT_2020.jpg>Screenshot</a>]]>
    </line>
    <line>
      <![CDATA[<br>]]>
    </line>
    <line>
      <![CDATA[<br>]]>
    </line>
    <line>
      <![CDATA[<a target="_blank" href=Tue_Aug_25_19_15_43_CDT_2020.jpg><img src=Tue_Aug_25_19_15_43_CDT_2020.jpg height=200 width=200></img></a>]]>
    </line>
    <line>
      <![CDATA[Click to see Screenshot]]>
    </line>
    <line>
      <![CDATA[<a target="_blank" href=Tue_Aug_25_19_15_46_CDT_2020.jpg>Screenshot</a>]]>
    </line>
    <line>
      <![CDATA[<br>]]>
    </line>
    <line>
      <![CDATA[<br>]]>
    </line>
    <line>
      <![CDATA[<a target="_blank" href=Tue_Aug_25_19_15_46_CDT_2020.jpg><img src=Tue_Aug_25_19_15_46_CDT_2020.jpg height=200 width=200></img></a>]]>
    </line>
    <line>
      <![CDATA[Click to see Screenshot]]>
    </line>
    <line>
      <![CDATA[<a target="_blank" href=Tue_Aug_25_19_15_48_CDT_2020.jpg>Screenshot</a>]]>
    </line>
    <line>
      <![CDATA[<br>]]>
    </line>
    <line>
      <![CDATA[<br>]]>
    </line>
    <line>
      <![CDATA[<a target="_blank" href=Tue_Aug_25_19_15_48_CDT_2020.jpg><img src=Tue_Aug_25_19_15_48_CDT_2020.jpg height=200 width=200></img></a>]]>
    </line>
    <line>
      <![CDATA[Click to see Screenshot]]>
    </line>
    <line>
      <![CDATA[<a target="_blank" href=Tue_Aug_25_19_15_51_CDT_2020.jpg>Screenshot</a>]]>
    </line>
    <line>
      <![CDATA[<br>]]>
    </line>
    <line>
      <![CDATA[<br>]]>
    </line>
    <line>
      <![CDATA[<a target="_blank" href=Tue_Aug_25_19_15_51_CDT_2020.jpg><img src=Tue_Aug_25_19_15_51_CDT_2020.jpg height=200 width=200></img></a>]]>
    </line>
    <line>
      <![CDATA[Click to see Screenshot]]>
    </line>
    <line>
      <![CDATA[<a target="_blank" href=Tue_Aug_25_19_15_54_CDT_2020.jpg>Screenshot</a>]]>
    </line>
    <line>
      <![CDATA[<br>]]>
    </line>
    <line>
      <![CDATA[<br>]]>
    </line>
    <line>
      <![CDATA[<a target="_blank" href=Tue_Aug_25_19_15_54_CDT_2020.jpg><img src=Tue_Aug_25_19_15_54_CDT_2020.jpg height=200 width=200></img></a>]]>
    </line>
    <line>
      <![CDATA[Click to see Screenshot]]>
    </line>
    <line>
      <![CDATA[<a target="_blank" href=Tue_Aug_25_19_15_56_CDT_2020.jpg>Screenshot</a>]]>
    </line>
    <line>
      <![CDATA[<br>]]>
    </line>
    <line>
      <![CDATA[<br>]]>
    </line>
    <line>
      <![CDATA[<a target="_blank" href=Tue_Aug_25_19_15_56_CDT_2020.jpg><img src=Tue_Aug_25_19_15_56_CDT_2020.jpg height=200 width=200></img></a>]]>
    </line>
    <line>
      <![CDATA[Click to see Screenshot]]>
    </line>
    <line>
      <![CDATA[<a target="_blank" href=Tue_Aug_25_19_15_59_CDT_2020.jpg>Screenshot</a>]]>
    </line>
    <line>
      <![CDATA[<br>]]>
    </line>
    <line>
      <![CDATA[<br>]]>
    </line>
    <line>
      <![CDATA[<a target="_blank" href=Tue_Aug_25_19_15_59_CDT_2020.jpg><img src=Tue_Aug_25_19_15_59_CDT_2020.jpg height=200 width=200></img></a>]]>
    </line>
    <line>
      <![CDATA[Click to see Screenshot]]>
    </line>
    <line>
      <![CDATA[<a target="_blank" href=Tue_Aug_25_19_16_02_CDT_2020.jpg>Screenshot</a>]]>
    </line>
    <line>
      <![CDATA[<br>]]>
    </line>
    <line>
      <![CDATA[<br>]]>
    </line>
    <line>
      <![CDATA[<a target="_blank" href=Tue_Aug_25_19_16_02_CDT_2020.jpg><img src=Tue_Aug_25_19_16_02_CDT_2020.jpg height=200 width=200></img></a>]]>
    </line>
  </reporter-output>
  <suite name="Suite" duration-ms="36667" started-at="2020-08-25T19:15:25 CDT" finished-at="2020-08-25T19:16:02 CDT">
    <groups>
    </groups>
    <test name="Test" duration-ms="36667" started-at="2020-08-25T19:15:25 CDT" finished-at="2020-08-25T19:16:02 CDT">
      <class name="test.Test_Finish_Button">
        <test-method status="PASS" signature="login()[pri:0, instance:test.Test_Finish_Button@1ee807c6]" name="login" is-config="true" duration-ms="2181" started-at="2020-08-25T19:15:54 CDT" finished-at="2020-08-25T19:15:56 CDT">
          <reporter-output>
          </reporter-output>
        </test-method> <!-- login -->
        <test-method status="PASS" signature="Verify_Finish_Button()[pri:0, instance:test.Test_Finish_Button@1ee807c6]" name="Verify_Finish_Button" duration-ms="328" started-at="2020-08-25T19:15:56 CDT" finished-at="2020-08-25T19:15:56 CDT">
          <reporter-output>
            <line>
              <![CDATA[Click to see Screenshot]]>
            </line>
            <line>
              <![CDATA[<a target="_blank" href=Tue_Aug_25_19_15_56_CDT_2020.jpg>Screenshot</a>]]>
            </line>
            <line>
              <![CDATA[<br>]]>
            </line>
            <line>
              <![CDATA[<br>]]>
            </line>
            <line>
              <![CDATA[<a target="_blank" href=Tue_Aug_25_19_15_56_CDT_2020.jpg><img src=Tue_Aug_25_19_15_56_CDT_2020.jpg height=200 width=200></img></a>]]>
            </line>
          </reporter-output>
        </test-method> <!-- Verify_Finish_Button -->
      </class> <!-- test.Test_Finish_Button -->
      <class name="test.Test_ProductBar_Position_and_Color">
        <test-method status="PASS" signature="login()[pri:0, instance:test.Test_ProductBar_Position_and_Color@1442d7b5]" name="login" is-config="true" duration-ms="2199" started-at="2020-08-25T19:15:48 CDT" finished-at="2020-08-25T19:15:51 CDT">
          <reporter-output>
          </reporter-output>
        </test-method> <!-- login -->
        <test-method status="PASS" signature="Verify_ProductBar_Position_and_Color()[pri:0, instance:test.Test_ProductBar_Position_and_Color@1442d7b5]" name="Verify_ProductBar_Position_and_Color" duration-ms="76" started-at="2020-08-25T19:15:51 CDT" finished-at="2020-08-25T19:15:51 CDT">
          <reporter-output>
            <line>
              <![CDATA[Click to see Screenshot]]>
            </line>
            <line>
              <![CDATA[<a target="_blank" href=Tue_Aug_25_19_15_51_CDT_2020.jpg>Screenshot</a>]]>
            </line>
            <line>
              <![CDATA[<br>]]>
            </line>
            <line>
              <![CDATA[<br>]]>
            </line>
            <line>
              <![CDATA[<a target="_blank" href=Tue_Aug_25_19_15_51_CDT_2020.jpg><img src=Tue_Aug_25_19_15_51_CDT_2020.jpg height=200 width=200></img></a>]]>
            </line>
          </reporter-output>
        </test-method> <!-- Verify_ProductBar_Position_and_Color -->
      </class> <!-- test.Test_ProductBar_Position_and_Color -->
      <class name="test.Test_Checkout_Button">
        <test-method status="PASS" signature="login()[pri:0, instance:test.Test_Checkout_Button@517cd4b]" name="login" is-config="true" duration-ms="2208" started-at="2020-08-25T19:15:59 CDT" finished-at="2020-08-25T19:16:01 CDT">
          <reporter-output>
          </reporter-output>
        </test-method> <!-- login -->
        <test-method status="PASS" signature="Verify_Checkout_Button()[pri:0, instance:test.Test_Checkout_Button@517cd4b]" name="Verify_Checkout_Button" duration-ms="181" started-at="2020-08-25T19:16:01 CDT" finished-at="2020-08-25T19:16:01 CDT">
          <reporter-output>
            <line>
              <![CDATA[Click to see Screenshot]]>
            </line>
            <line>
              <![CDATA[<a target="_blank" href=Tue_Aug_25_19_16_02_CDT_2020.jpg>Screenshot</a>]]>
            </line>
            <line>
              <![CDATA[<br>]]>
            </line>
            <line>
              <![CDATA[<br>]]>
            </line>
            <line>
              <![CDATA[<a target="_blank" href=Tue_Aug_25_19_16_02_CDT_2020.jpg><img src=Tue_Aug_25_19_16_02_CDT_2020.jpg height=200 width=200></img></a>]]>
            </line>
          </reporter-output>
        </test-method> <!-- Verify_Checkout_Button -->
      </class> <!-- test.Test_Checkout_Button -->
      <class name="test.Test_Logo_Heading">
        <test-method status="PASS" signature="login()[pri:0, instance:test.Test_Logo_Heading@46238e3f]" name="login" is-config="true" duration-ms="2194" started-at="2020-08-25T19:15:38 CDT" finished-at="2020-08-25T19:15:40 CDT">
          <reporter-output>
          </reporter-output>
        </test-method> <!-- login -->
        <test-method status="PASS" signature="Verify_Header_Image()[pri:0, instance:test.Test_Logo_Heading@46238e3f]" name="Verify_Header_Image" duration-ms="111" started-at="2020-08-25T19:15:40 CDT" finished-at="2020-08-25T19:15:40 CDT">
          <reporter-output>
            <line>
              <![CDATA[Click to see Screenshot]]>
            </line>
            <line>
              <![CDATA[<a target="_blank" href=Tue_Aug_25_19_15_40_CDT_2020.jpg>Screenshot</a>]]>
            </line>
            <line>
              <![CDATA[<br>]]>
            </line>
            <line>
              <![CDATA[<br>]]>
            </line>
            <line>
              <![CDATA[<a target="_blank" href=Tue_Aug_25_19_15_40_CDT_2020.jpg><img src=Tue_Aug_25_19_15_40_CDT_2020.jpg height=200 width=200></img></a>]]>
            </line>
          </reporter-output>
        </test-method> <!-- Verify_Header_Image -->
      </class> <!-- test.Test_Logo_Heading -->
      <class name="test.Test_Privacy_Policy">
        <test-method status="PASS" signature="login()[pri:0, instance:test.Test_Privacy_Policy@77a57272]" name="login" is-config="true" duration-ms="2235" started-at="2020-08-25T19:15:32 CDT" finished-at="2020-08-25T19:15:34 CDT">
          <reporter-output>
          </reporter-output>
        </test-method> <!-- login -->
        <test-method status="PASS" signature="Verify_Privacy_Policy()[pri:0, instance:test.Test_Privacy_Policy@77a57272]" name="Verify_Privacy_Policy" duration-ms="127" started-at="2020-08-25T19:15:34 CDT" finished-at="2020-08-25T19:15:34 CDT">
          <reporter-output>
            <line>
              <![CDATA[Click to see Screenshot]]>
            </line>
            <line>
              <![CDATA[<a target="_blank" href=Tue_Aug_25_19_15_35_CDT_2020.jpg>Screenshot</a>]]>
            </line>
            <line>
              <![CDATA[<br>]]>
            </line>
            <line>
              <![CDATA[<br>]]>
            </line>
            <line>
              <![CDATA[<a target="_blank" href=Tue_Aug_25_19_15_35_CDT_2020.jpg><img src=Tue_Aug_25_19_15_35_CDT_2020.jpg height=200 width=200></img></a>]]>
            </line>
          </reporter-output>
        </test-method> <!-- Verify_Privacy_Policy -->
      </class> <!-- test.Test_Privacy_Policy -->
      <class name="test.Test_Checkout_Steps">
        <test-method status="PASS" signature="setup()[pri:0, instance:test.Test_Checkout_Steps@588df31b]" name="setup" is-config="true" duration-ms="3757" started-at="2020-08-25T19:15:21 CDT" finished-at="2020-08-25T19:15:25 CDT">
          <reporter-output>
          </reporter-output>
        </test-method> <!-- setup -->
        <test-method status="PASS" signature="login()[pri:0, instance:test.Test_Checkout_Steps@588df31b]" name="login" is-config="true" duration-ms="3355" started-at="2020-08-25T19:15:25 CDT" finished-at="2020-08-25T19:15:28 CDT">
          <reporter-output>
          </reporter-output>
        </test-method> <!-- login -->
        <test-method status="PASS" signature="Verify_Checkout_Steps()[pri:0, instance:test.Test_Checkout_Steps@588df31b]" name="Verify_Checkout_Steps" duration-ms="527" started-at="2020-08-25T19:15:28 CDT" finished-at="2020-08-25T19:15:29 CDT">
          <reporter-output>
            <line>
              <![CDATA[Click to see Screenshot]]>
            </line>
            <line>
              <![CDATA[<a target="_blank" href=Tue_Aug_25_19_15_29_CDT_2020.jpg>Screenshot</a>]]>
            </line>
            <line>
              <![CDATA[<br>]]>
            </line>
            <line>
              <![CDATA[<br>]]>
            </line>
            <line>
              <![CDATA[<a target="_blank" href=Tue_Aug_25_19_15_29_CDT_2020.jpg><img src=Tue_Aug_25_19_15_29_CDT_2020.jpg height=200 width=200></img></a>]]>
            </line>
          </reporter-output>
        </test-method> <!-- Verify_Checkout_Steps -->
        <test-method status="PASS" signature="tearDown()[pri:0, instance:test.Test_Checkout_Steps@588df31b]" name="tearDown" is-config="true" duration-ms="28" started-at="2020-08-25T19:16:02 CDT" finished-at="2020-08-25T19:16:02 CDT">
          <reporter-output>
          </reporter-output>
        </test-method> <!-- tearDown -->
      </class> <!-- test.Test_Checkout_Steps -->
      <class name="test.Test_Add_Cart_And_Remove">
        <test-method status="PASS" signature="login()[pri:0, instance:test.Test_Add_Cart_And_Remove@7181ae3f]" name="login" is-config="true" duration-ms="2181" started-at="2020-08-25T19:15:35 CDT" finished-at="2020-08-25T19:15:37 CDT">
          <reporter-output>
          </reporter-output>
        </test-method> <!-- login -->
        <test-method status="PASS" signature="Verify_Add_Cart_And_Remove()[pri:0, instance:test.Test_Add_Cart_And_Remove@7181ae3f]" name="Verify_Add_Cart_And_Remove" duration-ms="812" started-at="2020-08-25T19:15:37 CDT" finished-at="2020-08-25T19:15:38 CDT">
          <reporter-output>
            <line>
              <![CDATA[Click to see Screenshot]]>
            </line>
            <line>
              <![CDATA[<a target="_blank" href=Tue_Aug_25_19_15_38_CDT_2020.jpg>Screenshot</a>]]>
            </line>
            <line>
              <![CDATA[<br>]]>
            </line>
            <line>
              <![CDATA[<br>]]>
            </line>
            <line>
              <![CDATA[<a target="_blank" href=Tue_Aug_25_19_15_38_CDT_2020.jpg><img src=Tue_Aug_25_19_15_38_CDT_2020.jpg height=200 width=200></img></a>]]>
            </line>
          </reporter-output>
        </test-method> <!-- Verify_Add_Cart_And_Remove -->
      </class> <!-- test.Test_Add_Cart_And_Remove -->
      <class name="test.Test_filter_Drop_Down_And_Sorting">
        <test-method status="PASS" signature="login()[pri:0, instance:test.Test_filter_Drop_Down_And_Sorting@1efee8e7]" name="login" is-config="true" duration-ms="2176" started-at="2020-08-25T19:15:51 CDT" finished-at="2020-08-25T19:15:53 CDT">
          <reporter-output>
          </reporter-output>
        </test-method> <!-- login -->
        <test-method status="PASS" signature="Verify_filter_Drop_Down_And_Sorting()[pri:0, instance:test.Test_filter_Drop_Down_And_Sorting@1efee8e7]" name="Verify_filter_Drop_Down_And_Sorting" duration-ms="250" started-at="2020-08-25T19:15:53 CDT" finished-at="2020-08-25T19:15:53 CDT">
          <reporter-output>
            <line>
              <![CDATA[Click to see Screenshot]]>
            </line>
            <line>
              <![CDATA[<a target="_blank" href=Tue_Aug_25_19_15_54_CDT_2020.jpg>Screenshot</a>]]>
            </line>
            <line>
              <![CDATA[<br>]]>
            </line>
            <line>
              <![CDATA[<br>]]>
            </line>
            <line>
              <![CDATA[<a target="_blank" href=Tue_Aug_25_19_15_54_CDT_2020.jpg><img src=Tue_Aug_25_19_15_54_CDT_2020.jpg height=200 width=200></img></a>]]>
            </line>
          </reporter-output>
        </test-method> <!-- Verify_filter_Drop_Down_And_Sorting -->
      </class> <!-- test.Test_filter_Drop_Down_And_Sorting -->
      <class name="test.Test_Continue_Shopping_Button">
        <test-method status="PASS" signature="login()[pri:0, instance:test.Test_Continue_Shopping_Button@6e2c9341]" name="login" is-config="true" duration-ms="2178" started-at="2020-08-25T19:15:40 CDT" finished-at="2020-08-25T19:15:43 CDT">
          <reporter-output>
          </reporter-output>
        </test-method> <!-- login -->
        <test-method status="PASS" signature="Verify_Continue_Shop()[pri:1, instance:test.Test_Continue_Shopping_Button@6e2c9341]" name="Verify_Continue_Shop" duration-ms="177" started-at="2020-08-25T19:15:43 CDT" finished-at="2020-08-25T19:15:43 CDT">
          <reporter-output>
            <line>
              <![CDATA[Click to see Screenshot]]>
            </line>
            <line>
              <![CDATA[<a target="_blank" href=Tue_Aug_25_19_15_43_CDT_2020.jpg>Screenshot</a>]]>
            </line>
            <line>
              <![CDATA[<br>]]>
            </line>
            <line>
              <![CDATA[<br>]]>
            </line>
            <line>
              <![CDATA[<a target="_blank" href=Tue_Aug_25_19_15_43_CDT_2020.jpg><img src=Tue_Aug_25_19_15_43_CDT_2020.jpg height=200 width=200></img></a>]]>
            </line>
          </reporter-output>
        </test-method> <!-- Verify_Continue_Shop -->
      </class> <!-- test.Test_Continue_Shopping_Button -->
      <class name="test.Test_Swaglabs_Logo">
        <test-method status="PASS" signature="login()[pri:0, instance:test.Test_Swaglabs_Logo@33b37288]" name="login" is-config="true" duration-ms="2228" started-at="2020-08-25T19:15:29 CDT" finished-at="2020-08-25T19:15:32 CDT">
          <reporter-output>
          </reporter-output>
        </test-method> <!-- login -->
        <test-method status="PASS" signature="Verify_Swaglabs_Logo()[pri:0, instance:test.Test_Swaglabs_Logo@33b37288]" name="Verify_Swaglabs_Logo" duration-ms="104" started-at="2020-08-25T19:15:32 CDT" finished-at="2020-08-25T19:15:32 CDT">
          <reporter-output>
            <line>
              <![CDATA[Click to see Screenshot]]>
            </line>
            <line>
              <![CDATA[<a target="_blank" href=Tue_Aug_25_19_15_32_CDT_2020.jpg>Screenshot</a>]]>
            </line>
            <line>
              <![CDATA[<br>]]>
            </line>
            <line>
              <![CDATA[<br>]]>
            </line>
            <line>
              <![CDATA[<a target="_blank" href=Tue_Aug_25_19_15_32_CDT_2020.jpg><img src=Tue_Aug_25_19_15_32_CDT_2020.jpg height=200 width=200></img></a>]]>
            </line>
          </reporter-output>
        </test-method> <!-- Verify_Swaglabs_Logo -->
      </class> <!-- test.Test_Swaglabs_Logo -->
      <class name="test.Test_Products_Heading">
        <test-method status="PASS" signature="login()[pri:0, instance:test.Test_Products_Heading@32464a14]" name="login" is-config="true" duration-ms="2191" started-at="2020-08-25T19:15:43 CDT" finished-at="2020-08-25T19:15:45 CDT">
          <reporter-output>
          </reporter-output>
        </test-method> <!-- login -->
        <test-method status="PASS" signature="Verify_Products_Header()[pri:0, instance:test.Test_Products_Heading@32464a14]" name="Verify_Products_Header" duration-ms="95" started-at="2020-08-25T19:15:45 CDT" finished-at="2020-08-25T19:15:45 CDT">
          <reporter-output>
            <line>
              <![CDATA[Click to see Screenshot]]>
            </line>
            <line>
              <![CDATA[<a target="_blank" href=Tue_Aug_25_19_15_46_CDT_2020.jpg>Screenshot</a>]]>
            </line>
            <line>
              <![CDATA[<br>]]>
            </line>
            <line>
              <![CDATA[<br>]]>
            </line>
            <line>
              <![CDATA[<a target="_blank" href=Tue_Aug_25_19_15_46_CDT_2020.jpg><img src=Tue_Aug_25_19_15_46_CDT_2020.jpg height=200 width=200></img></a>]]>
            </line>
          </reporter-output>
        </test-method> <!-- Verify_Products_Header -->
      </class> <!-- test.Test_Products_Heading -->
      <class name="test.Test_Logo_Footer">
        <test-method status="PASS" signature="login()[pri:0, instance:test.Test_Logo_Footer@76a4d6c]" name="login" is-config="true" duration-ms="2202" started-at="2020-08-25T19:15:56 CDT" finished-at="2020-08-25T19:15:59 CDT">
          <reporter-output>
          </reporter-output>
        </test-method> <!-- login -->
        <test-method status="PASS" signature="Verify_Logo_Footer()[pri:0, instance:test.Test_Logo_Footer@76a4d6c]" name="Verify_Logo_Footer" duration-ms="91" started-at="2020-08-25T19:15:59 CDT" finished-at="2020-08-25T19:15:59 CDT">
          <reporter-output>
            <line>
              <![CDATA[Click to see Screenshot]]>
            </line>
            <line>
              <![CDATA[<a target="_blank" href=Tue_Aug_25_19_15_59_CDT_2020.jpg>Screenshot</a>]]>
            </line>
            <line>
              <![CDATA[<br>]]>
            </line>
            <line>
              <![CDATA[<br>]]>
            </line>
            <line>
              <![CDATA[<a target="_blank" href=Tue_Aug_25_19_15_59_CDT_2020.jpg><img src=Tue_Aug_25_19_15_59_CDT_2020.jpg height=200 width=200></img></a>]]>
            </line>
          </reporter-output>
        </test-method> <!-- Verify_Logo_Footer -->
      </class> <!-- test.Test_Logo_Footer -->
      <class name="test.Test_Burger_Menu">
        <test-method status="PASS" signature="login()[pri:0, instance:test.Test_Burger_Menu@4e4aea35]" name="login" is-config="true" duration-ms="2204" started-at="2020-08-25T19:15:46 CDT" finished-at="2020-08-25T19:15:48 CDT">
          <reporter-output>
          </reporter-output>
        </test-method> <!-- login -->
        <test-method status="PASS" signature="Verify_Burger_Menu()[pri:0, instance:test.Test_Burger_Menu@4e4aea35]" name="Verify_Burger_Menu" duration-ms="158" started-at="2020-08-25T19:15:48 CDT" finished-at="2020-08-25T19:15:48 CDT">
          <reporter-output>
            <line>
              <![CDATA[Click to see Screenshot]]>
            </line>
            <line>
              <![CDATA[<a target="_blank" href=Tue_Aug_25_19_15_48_CDT_2020.jpg>Screenshot</a>]]>
            </line>
            <line>
              <![CDATA[<br>]]>
            </line>
            <line>
              <![CDATA[<br>]]>
            </line>
            <line>
              <![CDATA[<a target="_blank" href=Tue_Aug_25_19_15_48_CDT_2020.jpg><img src=Tue_Aug_25_19_15_48_CDT_2020.jpg height=200 width=200></img></a>]]>
            </line>
          </reporter-output>
        </test-method> <!-- Verify_Burger_Menu -->
      </class> <!-- test.Test_Burger_Menu -->
    </test> <!-- Test -->
  </suite> <!-- Suite -->
</testng-results>
